<?xml version="1.0" encoding="UTF-8"?>
<testng-results ignored="0" total="1" passed="1" failed="0" skipped="0">
  <reporter-output>
  </reporter-output>
  <suite started-at="2023-01-11T15:28:53 EST" name="Suite" finished-at="2023-01-11T15:29:29 EST" duration-ms="36704">
    <groups>
    </groups>
    <test started-at="2023-01-11T15:28:53 EST" name="Test" finished-at="2023-01-11T15:29:29 EST" duration-ms="36704">
      <class name="tapanhpandya.testcases.LoginTest">
        <test-method is-config="true" signature="init()[pri:0, instance:tapanhpandya.testcases.LoginTest@cecf639]" started-at="2023-01-11T15:28:53 EST" name="init" finished-at="2023-01-11T15:29:00 EST" duration-ms="6983" status="PASS">
          <reporter-output>
          </reporter-output>
        </test-method> <!-- init -->
        <test-method signature="LoginPageTest()[pri:0, instance:tapanhpandya.testcases.LoginTest@cecf639]" started-at="2023-01-11T15:29:00 EST" name="LoginPageTest" finished-at="2023-01-11T15:29:13 EST" duration-ms="13204" status="PASS">
          <reporter-output>
          </reporter-output>
        </test-method> <!-- LoginPageTest -->
        <test-method is-config="true" signature="tearDown()[pri:0, instance:tapanhpandya.testcases.LoginTest@cecf639]" started-at="2023-01-11T15:29:13 EST" name="tearDown" finished-at="2023-01-11T15:29:29 EST" duration-ms="16183" status="PASS">
          <reporter-output>
          </reporter-output>
        </test-method> <!-- tearDown -->
      </class> <!-- tapanhpandya.testcases.LoginTest -->
    </test> <!-- Test -->
  </suite> <!-- Suite -->
</testng-results>
