<?xml version="1.0" encoding="UTF-8"?>
<testng-results ignored="0" total="1" passed="1" failed="0" skipped="0">
  <reporter-output>
  </reporter-output>
  <suite started-at="2023-01-07T12:25:11 EST" name="Default suite" finished-at="2023-01-07T12:25:47 EST" duration-ms="35725">
    <groups>
    </groups>
    <test started-at="2023-01-07T12:25:11 EST" name="Default test" finished-at="2023-01-07T12:25:47 EST" duration-ms="35725">
      <class name="tapanhpandya.testcases.LoginTest">
        <test-method is-config="true" signature="init()[pri:0, instance:tapanhpandya.testcases.LoginTest@6b81ce95]" started-at="2023-01-07T12:25:12 EST" name="init" finished-at="2023-01-07T12:25:18 EST" duration-ms="6643" status="PASS">
          <reporter-output>
          </reporter-output>
        </test-method> <!-- init -->
        <test-method signature="LoginPageTest()[pri:0, instance:tapanhpandya.testcases.LoginTest@6b81ce95]" started-at="2023-01-07T12:25:18 EST" name="LoginPageTest" finished-at="2023-01-07T12:25:31 EST" duration-ms="12810" status="PASS">
          <reporter-output>
          </reporter-output>
        </test-method> <!-- LoginPageTest -->
        <test-method is-config="true" signature="tearDown()[pri:0, instance:tapanhpandya.testcases.LoginTest@6b81ce95]" started-at="2023-01-07T12:25:31 EST" name="tearDown" finished-at="2023-01-07T12:25:47 EST" duration-ms="16207" status="PASS">
          <reporter-output>
          </reporter-output>
        </test-method> <!-- tearDown -->
      </class> <!-- tapanhpandya.testcases.LoginTest -->
    </test> <!-- Default test -->
  </suite> <!-- Default suite -->
</testng-results>
